<?xml version="1.0" encoding="UTF-8" ?>
<testsuite tests="1" failures="0" name="CompanyDaoImplTest" time="0.061" errors="0" skipped="0">
  <properties>
    <property name="java.runtime.name" value="Java(TM) SE Runtime Environment"/>
    <property name="sun.boot.library.path" value="/opt/jdk1.8.0_31/jre/lib/amd64"/>
    <property name="java.vm.version" value="25.31-b07"/>
    <property name="java.vm.vendor" value="Oracle Corporation"/>
    <property name="java.vendor.url" value="http://java.oracle.com/"/>
    <property name="path.separator" value=":"/>
    <property name="java.vm.name" value="Java HotSpot(TM) 64-Bit Server VM"/>
    <property name="file.encoding.pkg" value="sun.io"/>
    <property name="user.country" value="FR"/>
    <property name="sun.java.launcher" value="SUN_STANDARD"/>
    <property name="sun.os.patch.level" value="unknown"/>
    <property name="java.vm.specification.name" value="Java Virtual Machine Specification"/>
    <property name="user.dir" value="/home/berangere/workspace/cdb/cdb_persistence"/>
    <property name="java.runtime.version" value="1.8.0_31-b13"/>
    <property name="java.awt.graphicsenv" value="sun.awt.X11GraphicsEnvironment"/>
    <property name="basedir" value="/home/berangere/workspace/cdb/cdb_persistence"/>
    <property name="java.endorsed.dirs" value="/opt/jdk1.8.0_31/jre/lib/endorsed"/>
    <property name="os.arch" value="amd64"/>
    <property name="surefire.real.class.path" value="/tmp/surefirebooter2741778132549566548.jar"/>
    <property name="java.io.tmpdir" value="/tmp"/>
    <property name="line.separator" value="
"/>
    <property name="java.vm.specification.vendor" value="Oracle Corporation"/>
    <property name="os.name" value="Linux"/>
    <property name="sun.jnu.encoding" value="UTF-8"/>
    <property name="java.library.path" value="/usr/java/packages/lib/amd64:/usr/lib64:/lib64:/lib:/usr/lib"/>
    <property name="surefire.test.class.path" value="/home/berangere/workspace/cdb/cdb_persistence/target/test-classes:/home/berangere/workspace/cdb/cdb_persistence/target/classes:/home/berangere/workspace/cdb/cdb_core/target/cdb_core-0.0.1-SNAPSHOT.jar:/home/berangere/.m2/repository/org/hibernate/javax/persistence/hibernate-jpa-2.0-api/1.0.1.Final/hibernate-jpa-2.0-api-1.0.1.Final.jar:/home/berangere/.m2/repository/org/hibernate/hibernate-core/4.3.8.Final/hibernate-core-4.3.8.Final.jar:/home/berangere/.m2/repository/org/jboss/logging/jboss-logging/3.1.3.GA/jboss-logging-3.1.3.GA.jar:/home/berangere/.m2/repository/org/jboss/logging/jboss-logging-annotations/1.2.0.Beta1/jboss-logging-annotations-1.2.0.Beta1.jar:/home/berangere/.m2/repository/org/jboss/spec/javax/transaction/jboss-transaction-api_1.2_spec/1.0.0.Final/jboss-transaction-api_1.2_spec-1.0.0.Final.jar:/home/berangere/.m2/repository/dom4j/dom4j/1.6.1/dom4j-1.6.1.jar:/home/berangere/.m2/repository/xml-apis/xml-apis/1.0.b2/xml-apis-1.0.b2.jar:/home/berangere/.m2/repository/org/hibernate/common/hibernate-commons-annotations/4.0.5.Final/hibernate-commons-annotations-4.0.5.Final.jar:/home/berangere/.m2/repository/org/hibernate/javax/persistence/hibernate-jpa-2.1-api/1.0.0.Final/hibernate-jpa-2.1-api-1.0.0.Final.jar:/home/berangere/.m2/repository/org/javassist/javassist/3.18.1-GA/javassist-3.18.1-GA.jar:/home/berangere/.m2/repository/antlr/antlr/2.7.7/antlr-2.7.7.jar:/home/berangere/.m2/repository/org/jboss/jandex/1.1.0.Final/jandex-1.1.0.Final.jar:/home/berangere/.m2/repository/org/springframework/spring-orm/4.1.5.RELEASE/spring-orm-4.1.5.RELEASE.jar:/home/berangere/.m2/repository/org/hibernate/hibernate-ehcache/4.3.8.Final/hibernate-ehcache-4.3.8.Final.jar:/home/berangere/.m2/repository/net/sf/ehcache/ehcache-core/2.4.3/ehcache-core-2.4.3.jar:/home/berangere/.m2/repository/org/glassfish/web/javax.el/2.2.4/javax.el-2.2.4.jar:/home/berangere/.m2/repository/javax/el/javax.el-api/2.2.4/javax.el-api-2.2.4.jar:/home/berangere/.m2/repository/org/hibernate/hibernate-entitymanager/4.3.8.Final/hibernate-entitymanager-4.3.8.Final.jar:/home/berangere/.m2/repository/org/springframework/spring-webmvc/4.1.5.RELEASE/spring-webmvc-4.1.5.RELEASE.jar:/home/berangere/.m2/repository/org/springframework/spring-beans/4.1.5.RELEASE/spring-beans-4.1.5.RELEASE.jar:/home/berangere/.m2/repository/org/springframework/spring-context/4.1.5.RELEASE/spring-context-4.1.5.RELEASE.jar:/home/berangere/.m2/repository/org/springframework/spring-core/4.1.5.RELEASE/spring-core-4.1.5.RELEASE.jar:/home/berangere/.m2/repository/commons-logging/commons-logging/99-empty/commons-logging-99-empty.jar:/home/berangere/.m2/repository/org/springframework/spring-expression/4.1.5.RELEASE/spring-expression-4.1.5.RELEASE.jar:/home/berangere/.m2/repository/org/springframework/spring-web/4.1.5.RELEASE/spring-web-4.1.5.RELEASE.jar:/home/berangere/.m2/repository/org/springframework/spring-test/4.1.5.RELEASE/spring-test-4.1.5.RELEASE.jar:/home/berangere/.m2/repository/org/springframework/data/spring-data-jpa/1.7.2.RELEASE/spring-data-jpa-1.7.2.RELEASE.jar:/home/berangere/.m2/repository/org/springframework/data/spring-data-commons/1.9.2.RELEASE/spring-data-commons-1.9.2.RELEASE.jar:/home/berangere/.m2/repository/org/springframework/spring-aop/4.1.5.RELEASE/spring-aop-4.1.5.RELEASE.jar:/home/berangere/.m2/repository/org/springframework/spring-tx/4.1.5.RELEASE/spring-tx-4.1.5.RELEASE.jar:/home/berangere/.m2/repository/org/aspectj/aspectjrt/1.8.4/aspectjrt-1.8.4.jar:/home/berangere/.m2/repository/org/slf4j/slf4j-api/1.7.10/slf4j-api-1.7.10.jar:/home/berangere/.m2/repository/mysql/mysql-connector-java/5.1.6/mysql-connector-java-5.1.6.jar:/home/berangere/.m2/repository/ch/qos/logback/logback-classic/1.1.2/logback-classic-1.1.2.jar:/home/berangere/.m2/repository/ch/qos/logback/logback-core/1.1.2/logback-core-1.1.2.jar:/home/berangere/.m2/repository/org/slf4j/jcl-over-slf4j/1.7.10/jcl-over-slf4j-1.7.10.jar:/home/berangere/.m2/repository/org/mockito/mockito-all/1.9.5/mockito-all-1.9.5.jar:/home/berangere/.m2/repository/junit/junit/4.11/junit-4.11.jar:/home/berangere/.m2/repository/org/hamcrest/hamcrest-core/1.3/hamcrest-core-1.3.jar:/home/berangere/.m2/repository/org/seleniumhq/selenium/selenium-java/2.44.0/selenium-java-2.44.0.jar:/home/berangere/.m2/repository/org/seleniumhq/selenium/selenium-chrome-driver/2.44.0/selenium-chrome-driver-2.44.0.jar:/home/berangere/.m2/repository/org/seleniumhq/selenium/selenium-remote-driver/2.44.0/selenium-remote-driver-2.44.0.jar:/home/berangere/.m2/repository/cglib/cglib-nodep/2.1_3/cglib-nodep-2.1_3.jar:/home/berangere/.m2/repository/com/google/code/gson/gson/2.3/gson-2.3.jar:/home/berangere/.m2/repository/org/seleniumhq/selenium/selenium-api/2.44.0/selenium-api-2.44.0.jar:/home/berangere/.m2/repository/com/google/guava/guava/18.0/guava-18.0.jar:/home/berangere/.m2/repository/org/seleniumhq/selenium/selenium-htmlunit-driver/2.44.0/selenium-htmlunit-driver-2.44.0.jar:/home/berangere/.m2/repository/net/sourceforge/htmlunit/htmlunit/2.15/htmlunit-2.15.jar:/home/berangere/.m2/repository/xalan/xalan/2.7.1/xalan-2.7.1.jar:/home/berangere/.m2/repository/xalan/serializer/2.7.1/serializer-2.7.1.jar:/home/berangere/.m2/repository/commons-collections/commons-collections/3.2.1/commons-collections-3.2.1.jar:/home/berangere/.m2/repository/org/apache/commons/commons-lang3/3.3.2/commons-lang3-3.3.2.jar:/home/berangere/.m2/repository/org/apache/httpcomponents/httpmime/4.3.3/httpmime-4.3.3.jar:/home/berangere/.m2/repository/commons-codec/commons-codec/1.9/commons-codec-1.9.jar:/home/berangere/.m2/repository/net/sourceforge/htmlunit/htmlunit-core-js/2.15/htmlunit-core-js-2.15.jar:/home/berangere/.m2/repository/xerces/xercesImpl/2.11.0/xercesImpl-2.11.0.jar:/home/berangere/.m2/repository/net/sourceforge/nekohtml/nekohtml/1.9.21/nekohtml-1.9.21.jar:/home/berangere/.m2/repository/net/sourceforge/cssparser/cssparser/0.9.14/cssparser-0.9.14.jar:/home/berangere/.m2/repository/org/w3c/css/sac/1.3/sac-1.3.jar:/home/berangere/.m2/repository/org/eclipse/jetty/jetty-websocket/8.1.15.v20140411/jetty-websocket-8.1.15.v20140411.jar:/home/berangere/.m2/repository/org/eclipse/jetty/jetty-util/8.1.15.v20140411/jetty-util-8.1.15.v20140411.jar:/home/berangere/.m2/repository/org/eclipse/jetty/jetty-io/8.1.15.v20140411/jetty-io-8.1.15.v20140411.jar:/home/berangere/.m2/repository/org/eclipse/jetty/jetty-http/8.1.15.v20140411/jetty-http-8.1.15.v20140411.jar:/home/berangere/.m2/repository/org/apache/httpcomponents/httpclient/4.3.4/httpclient-4.3.4.jar:/home/berangere/.m2/repository/org/apache/httpcomponents/httpcore/4.3.2/httpcore-4.3.2.jar:/home/berangere/.m2/repository/org/seleniumhq/selenium/selenium-firefox-driver/2.44.0/selenium-firefox-driver-2.44.0.jar:/home/berangere/.m2/repository/commons-io/commons-io/2.4/commons-io-2.4.jar:/home/berangere/.m2/repository/org/apache/commons/commons-exec/1.1/commons-exec-1.1.jar:/home/berangere/.m2/repository/org/seleniumhq/selenium/selenium-ie-driver/2.44.0/selenium-ie-driver-2.44.0.jar:/home/berangere/.m2/repository/net/java/dev/jna/jna/3.4.0/jna-3.4.0.jar:/home/berangere/.m2/repository/net/java/dev/jna/platform/3.4.0/platform-3.4.0.jar:/home/berangere/.m2/repository/org/seleniumhq/selenium/selenium-safari-driver/2.44.0/selenium-safari-driver-2.44.0.jar:/home/berangere/.m2/repository/org/seleniumhq/selenium/selenium-support/2.44.0/selenium-support-2.44.0.jar:/home/berangere/.m2/repository/org/webbitserver/webbit/0.4.14/webbit-0.4.14.jar:/home/berangere/.m2/repository/io/netty/netty/3.5.2.Final/netty-3.5.2.Final.jar:/home/berangere/.m2/repository/org/springframework/security/spring-security-core/3.1.3.RELEASE/spring-security-core-3.1.3.RELEASE.jar:/home/berangere/.m2/repository/aopalliance/aopalliance/1.0/aopalliance-1.0.jar:/home/berangere/.m2/repository/org/springframework/security/spring-security-web/3.1.3.RELEASE/spring-security-web-3.1.3.RELEASE.jar:/home/berangere/.m2/repository/org/springframework/spring-jdbc/4.1.5.RELEASE/spring-jdbc-4.1.5.RELEASE.jar:/home/berangere/.m2/repository/org/springframework/security/spring-security-config/3.1.3.RELEASE/spring-security-config-3.1.3.RELEASE.jar:"/>
    <property name="java.specification.name" value="Java Platform API Specification"/>
    <property name="java.class.version" value="52.0"/>
    <property name="sun.management.compiler" value="HotSpot 64-Bit Tiered Compilers"/>
    <property name="os.version" value="3.13.0-46-generic"/>
    <property name="user.home" value="/home/berangere"/>
    <property name="user.timezone" value="Europe/Paris"/>
    <property name="java.awt.printerjob" value="sun.print.PSPrinterJob"/>
    <property name="file.encoding" value="UTF-8"/>
    <property name="java.specification.version" value="1.8"/>
    <property name="user.name" value="berangere"/>
    <property name="java.class.path" value="/home/berangere/workspace/cdb/cdb_persistence/target/test-classes:/home/berangere/workspace/cdb/cdb_persistence/target/classes:/home/berangere/workspace/cdb/cdb_core/target/cdb_core-0.0.1-SNAPSHOT.jar:/home/berangere/.m2/repository/org/hibernate/javax/persistence/hibernate-jpa-2.0-api/1.0.1.Final/hibernate-jpa-2.0-api-1.0.1.Final.jar:/home/berangere/.m2/repository/org/hibernate/hibernate-core/4.3.8.Final/hibernate-core-4.3.8.Final.jar:/home/berangere/.m2/repository/org/jboss/logging/jboss-logging/3.1.3.GA/jboss-logging-3.1.3.GA.jar:/home/berangere/.m2/repository/org/jboss/logging/jboss-logging-annotations/1.2.0.Beta1/jboss-logging-annotations-1.2.0.Beta1.jar:/home/berangere/.m2/repository/org/jboss/spec/javax/transaction/jboss-transaction-api_1.2_spec/1.0.0.Final/jboss-transaction-api_1.2_spec-1.0.0.Final.jar:/home/berangere/.m2/repository/dom4j/dom4j/1.6.1/dom4j-1.6.1.jar:/home/berangere/.m2/repository/xml-apis/xml-apis/1.0.b2/xml-apis-1.0.b2.jar:/home/berangere/.m2/repository/org/hibernate/common/hibernate-commons-annotations/4.0.5.Final/hibernate-commons-annotations-4.0.5.Final.jar:/home/berangere/.m2/repository/org/hibernate/javax/persistence/hibernate-jpa-2.1-api/1.0.0.Final/hibernate-jpa-2.1-api-1.0.0.Final.jar:/home/berangere/.m2/repository/org/javassist/javassist/3.18.1-GA/javassist-3.18.1-GA.jar:/home/berangere/.m2/repository/antlr/antlr/2.7.7/antlr-2.7.7.jar:/home/berangere/.m2/repository/org/jboss/jandex/1.1.0.Final/jandex-1.1.0.Final.jar:/home/berangere/.m2/repository/org/springframework/spring-orm/4.1.5.RELEASE/spring-orm-4.1.5.RELEASE.jar:/home/berangere/.m2/repository/org/hibernate/hibernate-ehcache/4.3.8.Final/hibernate-ehcache-4.3.8.Final.jar:/home/berangere/.m2/repository/net/sf/ehcache/ehcache-core/2.4.3/ehcache-core-2.4.3.jar:/home/berangere/.m2/repository/org/glassfish/web/javax.el/2.2.4/javax.el-2.2.4.jar:/home/berangere/.m2/repository/javax/el/javax.el-api/2.2.4/javax.el-api-2.2.4.jar:/home/berangere/.m2/repository/org/hibernate/hibernate-entitymanager/4.3.8.Final/hibernate-entitymanager-4.3.8.Final.jar:/home/berangere/.m2/repository/org/springframework/spring-webmvc/4.1.5.RELEASE/spring-webmvc-4.1.5.RELEASE.jar:/home/berangere/.m2/repository/org/springframework/spring-beans/4.1.5.RELEASE/spring-beans-4.1.5.RELEASE.jar:/home/berangere/.m2/repository/org/springframework/spring-context/4.1.5.RELEASE/spring-context-4.1.5.RELEASE.jar:/home/berangere/.m2/repository/org/springframework/spring-core/4.1.5.RELEASE/spring-core-4.1.5.RELEASE.jar:/home/berangere/.m2/repository/commons-logging/commons-logging/99-empty/commons-logging-99-empty.jar:/home/berangere/.m2/repository/org/springframework/spring-expression/4.1.5.RELEASE/spring-expression-4.1.5.RELEASE.jar:/home/berangere/.m2/repository/org/springframework/spring-web/4.1.5.RELEASE/spring-web-4.1.5.RELEASE.jar:/home/berangere/.m2/repository/org/springframework/spring-test/4.1.5.RELEASE/spring-test-4.1.5.RELEASE.jar:/home/berangere/.m2/repository/org/springframework/data/spring-data-jpa/1.7.2.RELEASE/spring-data-jpa-1.7.2.RELEASE.jar:/home/berangere/.m2/repository/org/springframework/data/spring-data-commons/1.9.2.RELEASE/spring-data-commons-1.9.2.RELEASE.jar:/home/berangere/.m2/repository/org/springframework/spring-aop/4.1.5.RELEASE/spring-aop-4.1.5.RELEASE.jar:/home/berangere/.m2/repository/org/springframework/spring-tx/4.1.5.RELEASE/spring-tx-4.1.5.RELEASE.jar:/home/berangere/.m2/repository/org/aspectj/aspectjrt/1.8.4/aspectjrt-1.8.4.jar:/home/berangere/.m2/repository/org/slf4j/slf4j-api/1.7.10/slf4j-api-1.7.10.jar:/home/berangere/.m2/repository/mysql/mysql-connector-java/5.1.6/mysql-connector-java-5.1.6.jar:/home/berangere/.m2/repository/ch/qos/logback/logback-classic/1.1.2/logback-classic-1.1.2.jar:/home/berangere/.m2/repository/ch/qos/logback/logback-core/1.1.2/logback-core-1.1.2.jar:/home/berangere/.m2/repository/org/slf4j/jcl-over-slf4j/1.7.10/jcl-over-slf4j-1.7.10.jar:/home/berangere/.m2/repository/org/mockito/mockito-all/1.9.5/mockito-all-1.9.5.jar:/home/berangere/.m2/repository/junit/junit/4.11/junit-4.11.jar:/home/berangere/.m2/repository/org/hamcrest/hamcrest-core/1.3/hamcrest-core-1.3.jar:/home/berangere/.m2/repository/org/seleniumhq/selenium/selenium-java/2.44.0/selenium-java-2.44.0.jar:/home/berangere/.m2/repository/org/seleniumhq/selenium/selenium-chrome-driver/2.44.0/selenium-chrome-driver-2.44.0.jar:/home/berangere/.m2/repository/org/seleniumhq/selenium/selenium-remote-driver/2.44.0/selenium-remote-driver-2.44.0.jar:/home/berangere/.m2/repository/cglib/cglib-nodep/2.1_3/cglib-nodep-2.1_3.jar:/home/berangere/.m2/repository/com/google/code/gson/gson/2.3/gson-2.3.jar:/home/berangere/.m2/repository/org/seleniumhq/selenium/selenium-api/2.44.0/selenium-api-2.44.0.jar:/home/berangere/.m2/repository/com/google/guava/guava/18.0/guava-18.0.jar:/home/berangere/.m2/repository/org/seleniumhq/selenium/selenium-htmlunit-driver/2.44.0/selenium-htmlunit-driver-2.44.0.jar:/home/berangere/.m2/repository/net/sourceforge/htmlunit/htmlunit/2.15/htmlunit-2.15.jar:/home/berangere/.m2/repository/xalan/xalan/2.7.1/xalan-2.7.1.jar:/home/berangere/.m2/repository/xalan/serializer/2.7.1/serializer-2.7.1.jar:/home/berangere/.m2/repository/commons-collections/commons-collections/3.2.1/commons-collections-3.2.1.jar:/home/berangere/.m2/repository/org/apache/commons/commons-lang3/3.3.2/commons-lang3-3.3.2.jar:/home/berangere/.m2/repository/org/apache/httpcomponents/httpmime/4.3.3/httpmime-4.3.3.jar:/home/berangere/.m2/repository/commons-codec/commons-codec/1.9/commons-codec-1.9.jar:/home/berangere/.m2/repository/net/sourceforge/htmlunit/htmlunit-core-js/2.15/htmlunit-core-js-2.15.jar:/home/berangere/.m2/repository/xerces/xercesImpl/2.11.0/xercesImpl-2.11.0.jar:/home/berangere/.m2/repository/net/sourceforge/nekohtml/nekohtml/1.9.21/nekohtml-1.9.21.jar:/home/berangere/.m2/repository/net/sourceforge/cssparser/cssparser/0.9.14/cssparser-0.9.14.jar:/home/berangere/.m2/repository/org/w3c/css/sac/1.3/sac-1.3.jar:/home/berangere/.m2/repository/org/eclipse/jetty/jetty-websocket/8.1.15.v20140411/jetty-websocket-8.1.15.v20140411.jar:/home/berangere/.m2/repository/org/eclipse/jetty/jetty-util/8.1.15.v20140411/jetty-util-8.1.15.v20140411.jar:/home/berangere/.m2/repository/org/eclipse/jetty/jetty-io/8.1.15.v20140411/jetty-io-8.1.15.v20140411.jar:/home/berangere/.m2/repository/org/eclipse/jetty/jetty-http/8.1.15.v20140411/jetty-http-8.1.15.v20140411.jar:/home/berangere/.m2/repository/org/apache/httpcomponents/httpclient/4.3.4/httpclient-4.3.4.jar:/home/berangere/.m2/repository/org/apache/httpcomponents/httpcore/4.3.2/httpcore-4.3.2.jar:/home/berangere/.m2/repository/org/seleniumhq/selenium/selenium-firefox-driver/2.44.0/selenium-firefox-driver-2.44.0.jar:/home/berangere/.m2/repository/commons-io/commons-io/2.4/commons-io-2.4.jar:/home/berangere/.m2/repository/org/apache/commons/commons-exec/1.1/commons-exec-1.1.jar:/home/berangere/.m2/repository/org/seleniumhq/selenium/selenium-ie-driver/2.44.0/selenium-ie-driver-2.44.0.jar:/home/berangere/.m2/repository/net/java/dev/jna/jna/3.4.0/jna-3.4.0.jar:/home/berangere/.m2/repository/net/java/dev/jna/platform/3.4.0/platform-3.4.0.jar:/home/berangere/.m2/repository/org/seleniumhq/selenium/selenium-safari-driver/2.44.0/selenium-safari-driver-2.44.0.jar:/home/berangere/.m2/repository/org/seleniumhq/selenium/selenium-support/2.44.0/selenium-support-2.44.0.jar:/home/berangere/.m2/repository/org/webbitserver/webbit/0.4.14/webbit-0.4.14.jar:/home/berangere/.m2/repository/io/netty/netty/3.5.2.Final/netty-3.5.2.Final.jar:/home/berangere/.m2/repository/org/springframework/security/spring-security-core/3.1.3.RELEASE/spring-security-core-3.1.3.RELEASE.jar:/home/berangere/.m2/repository/aopalliance/aopalliance/1.0/aopalliance-1.0.jar:/home/berangere/.m2/repository/org/springframework/security/spring-security-web/3.1.3.RELEASE/spring-security-web-3.1.3.RELEASE.jar:/home/berangere/.m2/repository/org/springframework/spring-jdbc/4.1.5.RELEASE/spring-jdbc-4.1.5.RELEASE.jar:/home/berangere/.m2/repository/org/springframework/security/spring-security-config/3.1.3.RELEASE/spring-security-config-3.1.3.RELEASE.jar:"/>
    <property name="java.vm.specification.version" value="1.8"/>
    <property name="sun.arch.data.model" value="64"/>
    <property name="java.home" value="/opt/jdk1.8.0_31/jre"/>
    <property name="sun.java.command" value="/tmp/surefirebooter2741778132549566548.jar /tmp/surefire2933761706795264117tmp /tmp/surefire3327413816307624723tmp"/>
    <property name="java.specification.vendor" value="Oracle Corporation"/>
    <property name="user.language" value="fr"/>
    <property name="awt.toolkit" value="sun.awt.X11.XToolkit"/>
    <property name="java.vm.info" value="mixed mode"/>
    <property name="java.version" value="1.8.0_31"/>
    <property name="java.ext.dirs" value="/opt/jdk1.8.0_31/jre/lib/ext:/usr/java/packages/lib/ext"/>
    <property name="sun.boot.class.path" value="/opt/jdk1.8.0_31/jre/lib/resources.jar:/opt/jdk1.8.0_31/jre/lib/rt.jar:/opt/jdk1.8.0_31/jre/lib/sunrsasign.jar:/opt/jdk1.8.0_31/jre/lib/jsse.jar:/opt/jdk1.8.0_31/jre/lib/jce.jar:/opt/jdk1.8.0_31/jre/lib/charsets.jar:/opt/jdk1.8.0_31/jre/lib/jfr.jar:/opt/jdk1.8.0_31/jre/classes"/>
    <property name="java.vendor" value="Oracle Corporation"/>
    <property name="localRepository" value="/home/berangere/.m2/repository"/>
    <property name="file.separator" value="/"/>
    <property name="java.vendor.url.bug" value="http://bugreport.sun.com/bugreport/"/>
    <property name="sun.cpu.endian" value="little"/>
    <property name="sun.io.unicode.encoding" value="UnicodeLittle"/>
    <property name="sun.cpu.isalist" value=""/>
  </properties>
  <testcase classname="CompanyDaoImplTest" name="testTemp" time="0.002"/>
</testsuite>